<?xml version="1.0" encoding="UTF-8"?>
<testng-results skipped="0" failed="0" total="2" passed="2">
  <reporter-output>
  </reporter-output>
  <suite name="Default suite" duration-ms="76262" started-at="2020-12-08T11:09:28Z" finished-at="2020-12-08T11:10:44Z">
    <groups>
      <group name="cucumber">
        <method signature="AbstractTestNGCucumberTests.feature(cucumber.api.testng.CucumberFeatureWrapper)[pri:0, instance:runners.TestRunner1@6108b2d7]" name="feature" class="cucumber.api.testng.AbstractTestNGCucumberTests"/>
      </group> <!-- cucumber -->
    </groups>
    <test name="Default test" duration-ms="76262" started-at="2020-12-08T11:09:28Z" finished-at="2020-12-08T11:10:44Z">
      <class name="runners.TestRunner1">
        <test-method status="PASS" signature="setUpClass()[pri:0, instance:runners.TestRunner1@6108b2d7]" name="setUpClass" is-config="true" duration-ms="405" started-at="2020-12-08T16:39:28Z" finished-at="2020-12-08T16:39:28Z">
          <reporter-output>
          </reporter-output>
        </test-method> <!-- setUpClass -->
        <test-method status="PASS" signature="feature(cucumber.api.testng.CucumberFeatureWrapper)[pri:0, instance:runners.TestRunner1@6108b2d7]" name="feature" duration-ms="37117" started-at="2020-12-08T16:39:28Z" description="Runs Cucumber Feature" data-provider="features" finished-at="2020-12-08T16:40:05Z">
          <params>
            <param index="0">
              <value>
                <![CDATA[Add to cart  Action]]>
              </value>
            </param>
          </params>
          <reporter-output>
          </reporter-output>
        </test-method> <!-- feature -->
        <test-method status="PASS" signature="feature(cucumber.api.testng.CucumberFeatureWrapper)[pri:0, instance:runners.TestRunner1@6108b2d7]" name="feature" duration-ms="38621" started-at="2020-12-08T16:40:05Z" description="Runs Cucumber Feature" data-provider="features" finished-at="2020-12-08T16:40:44Z">
          <params>
            <param index="0">
              <value>
                <![CDATA[Login Action]]>
              </value>
            </param>
          </params>
          <reporter-output>
          </reporter-output>
        </test-method> <!-- feature -->
        <test-method status="PASS" signature="tearDownClass()[pri:0, instance:runners.TestRunner1@6108b2d7]" name="tearDownClass" is-config="true" duration-ms="16" started-at="2020-12-08T16:40:44Z" finished-at="2020-12-08T16:40:44Z">
          <reporter-output>
          </reporter-output>
        </test-method> <!-- tearDownClass -->
      </class> <!-- runners.TestRunner1 -->
    </test> <!-- Default test -->
  </suite> <!-- Default suite -->
</testng-results>
